#
# There is insufficient memory for the Java Runtime Environment to continue.
# Native memory allocation (malloc) failed to allocate 1048576 bytes for AllocateHeap
# Possible reasons:
#   The system is out of physical RAM or swap space
#   In 32 bit mode, the process size limit was hit
# Possible solutions:
#   Reduce memory load on the system
#   Increase physical memory or swap space
#   Check if swap backing store is full
#   Use 64 bit Java on a 64 bit OS
#   Decrease Java heap size (-Xmx/-Xms)
#   Decrease number of Java threads
#   Decrease Java thread stack sizes (-Xss)
#   Set larger code cache with -XX:ReservedCodeCacheSize=
# This output file may be truncated or incomplete.
#
#  Out of Memory Error (memory/allocation.inline.hpp:61), pid=21632, tid=0x0000000000002244
#
# JRE version:  (8.0_102-b14) (build )
# Java VM: Java HotSpot(TM) 64-Bit Server VM (25.102-b14 mixed mode windows-amd64 compressed oops)
# Failed to write core dump. Minidumps are not enabled by default on client versions of Windows
#

---------------  T H R E A D  ---------------

Current thread (0x0000000001dfb800):  JavaThread "Unknown thread" [_thread_in_vm, id=8772, stack(0x0000000001fb0000,0x00000000020b0000)]

Stack: [0x0000000001fb0000,0x00000000020b0000]
[error occurred during error reporting (printing stack bounds), id 0xc0000005]

Native frames: (J=compiled Java code, j=interpreted, Vv=VM code, C=native code)


---------------  P R O C E S S  ---------------

Java Threads: ( => current thread )

Other Threads:

=>0x0000000001dfb800 (exited) JavaThread "Unknown thread" [_thread_in_vm, id=8772, stack(0x0000000001fb0000,0x00000000020b0000)]

VM state:not at safepoint (normal execution)

VM Mutex/Monitor currently owned by a thread: None

Heap:
 PSYoungGen      total 18944K, used 327K [0x00000000feb00000, 0x0000000100000000, 0x0000000100000000)
  eden space 16384K, 2% used [0x00000000feb00000,0x00000000feb51ec8,0x00000000ffb00000)
  from space 2560K, 0% used [0x00000000ffd80000,0x00000000ffd80000,0x0000000100000000)
  to   space 2560K, 0% used [0x00000000ffb00000,0x00000000ffb00000,0x00000000ffd80000)
 ParOldGen       total 44032K, used 0K [0x00000000fc000000, 0x00000000feb00000, 0x00000000feb00000)
  object space 44032K, 0% used [0x00000000fc000000,0x00000000fc000000,0x00000000feb00000)
 Metaspace       used 770K, capacity 4480K, committed 4480K, reserved 1056768K
  class space    used 75K, capacity 384K, committed 384K, reserved 1048576K

Card table byte_map: [0x0000000000280000,0x00000000002b0000] byte_map_base: 0xffffffffffaa0000

Marking Bits: (ParMarkBitMap*) 0x000000007065a6c0
 Begin Bits: [0x00000000124a0000, 0x00000000125a0000)
 End Bits:   [0x00000000125a0000, 0x00000000126a0000)

Polling page: 0x0000000000250000

CodeCache: size=245760Kb used=328Kb max_used=328Kb free=245431Kb
 bounds [0x0000000002380000, 0x00000000025f0000, 0x0000000011380000]
 total_blobs=58 nmethods=0 adapters=38
 compilation: enabled

Compilation events (0 events):
No events

GC Heap History (0 events):
No events

Deoptimization events (0 events):
No events

Internal exceptions (0 events):
No events

Events (10 events):
Event: 0.047 loading class java/lang/Short
Event: 0.047 loading class java/lang/Short done
Event: 0.047 loading class java/lang/Integer
Event: 0.047 loading class java/lang/Integer done
Event: 0.047 loading class java/lang/Long
Event: 0.047 loading class java/lang/Long done
Event: 0.048 loading class java/lang/NullPointerException
Event: 0.048 loading class java/lang/NullPointerException done
Event: 0.048 loading class java/lang/ArithmeticException
Event: 0.048 loading class java/lang/ArithmeticException done


Dynamic libraries:
0x000000013f950000 - 0x000000013f987000 	C:\Program Files\Java\jdk1.8.0_102\bin\java.exe
0x0000000076fe0000 - 0x0000000077189000 	C:\Windows\SYSTEM32\ntdll.dll
0x000007fef2d70000 - 0x000007fef2da4000 	C:\Program Files\AVAST Software\Avast\x64\aswhooka.dll
0x0000000076ec0000 - 0x0000000076fdf000 	C:\Windows\system32\kernel32.dll
0x000007fefcdf0000 - 0x000007fefce5b000 	C:\Windows\system32\KERNELBASE.dll
0x000007fefd680000 - 0x000007fefd75b000 	C:\Windows\system32\ADVAPI32.dll
0x000007fefd5e0000 - 0x000007fefd67f000 	C:\Windows\system32\msvcrt.dll
0x000007fefdc60000 - 0x000007fefdc7f000 	C:\Windows\SYSTEM32\sechost.dll
0x000007fefeac0000 - 0x000007fefebed000 	C:\Windows\system32\RPCRT4.dll
0x0000000076dc0000 - 0x0000000076eba000 	C:\Windows\system32\USER32.dll
0x000007fefebf0000 - 0x000007fefec57000 	C:\Windows\system32\GDI32.dll
0x000007fefeab0000 - 0x000007fefeabe000 	C:\Windows\system32\LPK.dll
0x000007fefd260000 - 0x000007fefd329000 	C:\Windows\system32\USP10.dll
0x000007fefc670000 - 0x000007fefc864000 	C:\Windows\WinSxS\amd64_microsoft.windows.common-controls_6595b64144ccf1df_6.0.7601.17514_none_fa396087175ac9ac\COMCTL32.dll
0x000007fefd4c0000 - 0x000007fefd531000 	C:\Windows\system32\SHLWAPI.dll
0x000007feff2c0000 - 0x000007feff2ee000 	C:\Windows\system32\IMM32.DLL
0x000007fefd150000 - 0x000007fefd259000 	C:\Windows\system32\MSCTF.dll
0x0000000073500000 - 0x00000000735d1000 	C:\Program Files\Java\jdk1.8.0_102\jre\bin\msvcr100.dll
0x000000006fe40000 - 0x00000000706da000 	C:\Program Files\Java\jdk1.8.0_102\jre\bin\server\jvm.dll
0x000007fef89d0000 - 0x000007fef89d9000 	C:\Windows\system32\WSOCK32.dll
0x000007fefdc10000 - 0x000007fefdc5d000 	C:\Windows\system32\WS2_32.dll
0x000007feff2b0000 - 0x000007feff2b8000 	C:\Windows\system32\NSI.dll
0x000007fefa530000 - 0x000007fefa56b000 	C:\Windows\system32\WINMM.dll
0x000007fefb630000 - 0x000007fefb63c000 	C:\Windows\system32\VERSION.dll
0x00000000771a0000 - 0x00000000771a7000 	C:\Windows\system32\PSAPI.DLL
0x0000000073ec0000 - 0x0000000073ecf000 	C:\Program Files\Java\jdk1.8.0_102\jre\bin\verify.dll
0x0000000073e20000 - 0x0000000073e49000 	C:\Program Files\Java\jdk1.8.0_102\jre\bin\java.dll
0x0000000073e00000 - 0x0000000073e16000 	C:\Program Files\Java\jdk1.8.0_102\jre\bin\zip.dll

VM Arguments:
jvm_args: -Djava.awt.headless=true -Xmx64M -Dfile.encoding=windows-1251 -Duser.country=RU -Duser.language=ru -Duser.variant 
java_command: com.google.devtools.build.android.desugar.Desugar --input G:\AndroidDemo\CryptoCurencies\app\build\intermediates\transforms\stackFramesFixer\debug\8.jar --output G:\AndroidDemo\CryptoCurencies\app\build\intermediates\transforms\desugar\debug\11.jar --input G:\AndroidDemo\CryptoCurencies\app\build\intermediates\transforms\stackFramesFixer\debug\38.jar --output G:\AndroidDemo\CryptoCurencies\app\build\intermediates\transforms\desugar\debug\41.jar --input G:\AndroidDemo\CryptoCurencies\app\build\intermediates\transforms\stackFramesFixer\debug\9.jar --output G:\AndroidDemo\CryptoCurencies\app\build\intermediates\transforms\desugar\debug\12.jar --input G:\AndroidDemo\CryptoCurencies\app\build\intermediates\transforms\stackFramesFixer\debug\13.jar --output G:\AndroidDemo\CryptoCurencies\app\build\intermediates\transforms\desugar\debug\16.jar --input G:\AndroidDemo\CryptoCurencies\app\build\intermediates\transforms\stackFramesFixer\debug\14.jar --output G:\AndroidDemo\CryptoCurencies\app\build\intermediates\transforms\desugar\debug\17.jar --input G:\AndroidDemo\CryptoCurencies\app\build\intermediates\transforms\stackFramesFixer\debug\0.jar --output G:\AndroidDemo\CryptoCurencies\app\build\intermediates\transforms\desugar\debug\3.jar --input G:\AndroidDemo\CryptoCurencies\app\build\intermediates\transforms\stackFramesFixer\debug\18.jar --output G:\AndroidDemo\CryptoCurencies\app\build\intermediates\transforms\desugar\debug\21.jar --input G:\AndroidDemo\CryptoCurencies\app\build\intermediates\transforms\stackFramesFixer\debug\44.jar --output G:\AndroidDemo\CryptoCurencies\app\build\intermediates\transforms\desugar\debug\47.jar --input G:\AndroidDemo\CryptoCurencies\app\build\intermediates\transforms\stackFramesFixer\debug\33.jar --output G:\AndroidDemo\CryptoCurencies\app\build\intermediates\transforms\desugar\debug\36.jar --classpath_entry G:\AndroidDemo\CryptoCurencies\app\build\intermediates\classes\debug --classpath_entry G:\AndroidDemo\CryptoCurencies\ap
java_class_path (initial): C:\Users\demon\AppData\Local\Temp\desugar_deploy.jar835970640445423137
Launcher Type: SUN_STANDARD

Environment Variables:
JAVA_HOME=C:\Program Files\Java\jdk1.8.0_102\
PATH=C:\Program Files (x86)\Common Files\Oracle\Java\javapath;C:\ProgramData\Oracle\Java\javapath;C:\Program Files (x86)\Common Files\Intel\Shared Files\cpp\bin\Intel64;C:\Program Files (x86)\Intel\iCLS Client\;C:\Program Files\Intel\iCLS Client\;C:\Windows\system32;C:\Windows;C:\Windows\System32\Wbem;C:\Windows\System32\WindowsPowerShell\v1.0\;C:\Program Files\Intel\Intel(R) Management Engine Components\DAL;C:\Program Files\Intel\Intel(R) Management Engine Components\IPT;C:\Program Files (x86)\Intel\Intel(R) Management Engine Components\DAL;C:\Program Files (x86)\Intel\Intel(R) Management Engine Components\IPT;C:\Program Files (x86)\Common Files\Adobe\AGL;C:\Program Files (x86)\Intel\OpenCL SDK\3.0\bin\x86;C:\Program Files (x86)\Intel\OpenCL SDK\3.0\bin\x64;C:\Program Files (x86)\MySQL\MySQL Utilities 1.3.6\;C:\Program Files (x86)\GtkSharp\2.12\bin;C:\Program Files (x86)\QuickTime\QTSystem\;D:\Program Files\nodejs\;g:\Program Files\Git\cmd;D:\Program Files\Apache Software Foundation\php7;C:\ProgramData\ComposerSetup\bin;I:\cocos2d-x-3.10\templates;I:\cocos2d-x-3.10\tools\cocos2d-console\bin;;C:\Windows\;C:\Python27\;C:\Program Files\Java\jdk1.8.0_102\jre\bin\;C:\android\sdk\platform-tools\;d:\Program Files (x86)\Microsoft VS Code\bin;C:\Users\demon\AppData\Roaming\npm;C:\Users\demon\AppData\Roaming\Composer\vendor\bin
USERNAME=demon
OS=Windows_NT
PROCESSOR_IDENTIFIER=Intel64 Family 6 Model 60 Stepping 3, GenuineIntel



---------------  S Y S T E M  ---------------

OS: Windows 7 , 64 bit Build 7601 (6.1.7601.18015)

CPU:total 8 (4 cores per cpu, 2 threads per core) family 6 model 60 stepping 3, cmov, cx8, fxsr, mmx, sse, sse2, sse3, ssse3, sse4.1, sse4.2, popcnt, avx, avx2, aes, clmul, erms, rtm, lzcnt, ht, tsc, tscinvbit, bmi1, bmi2

Memory: 4k page, physical 7281636k(152948k free), swap 29124680k(113824k free)

vm_info: Java HotSpot(TM) 64-Bit Server VM (25.102-b14) for windows-amd64 JRE (1.8.0_102-b14), built on Jun 22 2016 13:15:21 by "java_re" with MS VC++ 10.0 (VS2010)

time: Mon Aug 27 11:13:47 2018
elapsed time: 0 seconds (0d 0h 0m 0s)

